0 info it worked if it ends with ok
1 verbose cli [ 'C:\\Program Files\\nodejs\\node.exe',
1 verbose cli   'C:\\Program Files\\nodejs\\node_modules\\npm\\bin\\npm-cli.js',
1 verbose cli   'start' ]
2 info using npm@3.10.10
3 info using node@v6.9.4
4 verbose run-script [ 'prestart', 'start', 'poststart' ]
5 info lifecycle express-example@0.0.0~prestart: express-example@0.0.0
6 silly lifecycle express-example@0.0.0~prestart: no script for prestart, continuing
7 info lifecycle express-example@0.0.0~start: express-example@0.0.0
8 verbose lifecycle express-example@0.0.0~start: unsafe-perm in lifecycle true
9 verbose lifecycle express-example@0.0.0~start: PATH: C:\Program Files\nodejs\node_modules\npm\bin\node-gyp-bin;C:\Users\faizi\Documents\library\ExpressApp\express_example\node_modules\.bin;C:\Program Files\Java\jdk1.8.0_111\\bin\;C:\WINDOWS\system32;C:\WINDOWS;C:\WINDOWS\System32\Wbem;C:\WINDOWS\System32\WindowsPowerShell\v1.0\;C:\Program Files\Git\cmd;C:\Users\faizi\Documents\treeview\gradle-3.2.1\\bin;C:\Program Files\MySQL\MySQL Utilities 1.6\;C:\software\apache-maven-3.3.9-bin\apache-maven-3.3.9\bin;C:\Program Files\nodejs\;C:\Users\faizi\Documents\5-2\KR\clingo\clingo-5.1.0-win64\clingo-5.1.0-win64\;C:\Program Files\Perforce\DVCS\;C:\Program Files (x86)\GtkSharp\2.12\bin;C:\Python27\;C:\Program Files\PuTTY\;C:\Program Files (x86)\Skype\Phone\;C:\Users\faizi\Documents\Thesis\research\phantomjs-2.1.1-windows\phantomjs\bin\;C:\Users\faizi\Documents\Thesis\research\phantomjs-2.1.1-windows\casperjs\bin;;C:\Program Files (x86)\PharosSystems\Core;C:\WINDOWS\System32\OpenSSH\;C:\Users\faizi\AppData\Local\Microsoft\WindowsApps;C:\Users\faizi\AppData\Roaming\npm;C:\Users\faizi\AppData\Roaming\Dashlane\5.6.0.15520\bin\Firefox_Extension\{442718d9-475e-452a-b3e1-fb1ee16b8e9f}\components;C:\Users\faizi\AppData\Roaming\Dashlane\5.6.0.15520\ucrt;
10 verbose lifecycle express-example@0.0.0~start: CWD: C:\Users\faizi\Documents\library\ExpressApp\express_example
11 silly lifecycle express-example@0.0.0~start: Args: [ '/d /s /c', 'node ./bin/www' ]
12 silly lifecycle express-example@0.0.0~start: Returned: code: 1  signal: null
13 info lifecycle express-example@0.0.0~start: Failed to exec start script
14 verbose stack Error: express-example@0.0.0 start: `node ./bin/www`
14 verbose stack Exit status 1
14 verbose stack     at EventEmitter.<anonymous> (C:\Program Files\nodejs\node_modules\npm\lib\utils\lifecycle.js:255:16)
14 verbose stack     at emitTwo (events.js:106:13)
14 verbose stack     at EventEmitter.emit (events.js:191:7)
14 verbose stack     at ChildProcess.<anonymous> (C:\Program Files\nodejs\node_modules\npm\lib\utils\spawn.js:40:14)
14 verbose stack     at emitTwo (events.js:106:13)
14 verbose stack     at ChildProcess.emit (events.js:191:7)
14 verbose stack     at maybeClose (internal/child_process.js:877:16)
14 verbose stack     at Process.ChildProcess._handle.onexit (internal/child_process.js:226:5)
15 verbose pkgid express-example@0.0.0
16 verbose cwd C:\Users\faizi\Documents\library\ExpressApp\express_example
17 error Windows_NT 10.0.17134
18 error argv "C:\\Program Files\\nodejs\\node.exe" "C:\\Program Files\\nodejs\\node_modules\\npm\\bin\\npm-cli.js" "start"
19 error node v6.9.4
20 error npm  v3.10.10
21 error code ELIFECYCLE
22 error express-example@0.0.0 start: `node ./bin/www`
22 error Exit status 1
23 error Failed at the express-example@0.0.0 start script 'node ./bin/www'.
23 error Make sure you have the latest version of node.js and npm installed.
23 error If you do, this is most likely a problem with the express-example package,
23 error not with npm itself.
23 error Tell the author that this fails on your system:
23 error     node ./bin/www
23 error You can get information on how to open an issue for this project with:
23 error     npm bugs express-example
23 error Or if that isn't available, you can get their info via:
23 error     npm owner ls express-example
23 error There is likely additional logging output above.
24 verbose exit [ 1, true ]
